Jul 16 14:38:26 Updated: libgcc-4.8.5-36.el7_6.2.x86_64
Jul 16 14:38:27 Installed: 1:grub2-common-2.02-0.76.el7.centos.1.noarch
Jul 16 14:38:27 Installed: 1:grub2-pc-modules-2.02-0.76.el7.centos.1.noarch
Jul 16 14:38:28 Updated: tzdata-2019b-1.el7.noarch
Jul 16 14:38:29 Updated: kbd-legacy-1.15.5-15.el7.noarch
Jul 16 14:38:29 Updated: kbd-misc-1.15.5-15.el7.noarch
Jul 16 14:38:30 Updated: ncurses-base-5.9-14.20130511.el7_4.noarch
Jul 16 14:38:35 Updated: glibc-common-2.17-260.el7_6.6.x86_64
Jul 16 14:38:36 Updated: nss-softokn-freebl-3.36.0-5.el7_5.x86_64
Jul 16 14:38:37 Updated: glibc-2.17-260.el7_6.6.x86_64
Jul 16 14:38:37 Updated: nspr-4.19.0-1.el7_5.x86_64
Jul 16 14:38:37 Updated: nss-util-3.36.0-1.1.el7_6.x86_64
Jul 16 14:38:37 Updated: libstdc++-4.8.5-36.el7_6.2.x86_64
Jul 16 14:38:37 Updated: ncurses-libs-5.9-14.20130511.el7_4.x86_64
Jul 16 14:38:37 Updated: bash-4.2.46-31.el7.x86_64
Jul 16 14:38:37 Updated: libsepol-2.5-10.el7.x86_64
Jul 16 14:38:43 Updated: pcre-8.32-17.el7.x86_64
Jul 16 14:38:43 Updated: libselinux-2.5-14.1.el7.x86_64
Jul 16 14:38:43 Updated: zlib-1.2.7-18.el7.x86_64
Jul 16 14:38:43 Updated: audit-libs-2.8.4-4.el7.x86_64
Jul 16 14:38:43 Updated: info-5.1-5.el7.x86_64
Jul 16 14:38:44 Updated: libcom_err-1.42.9-13.el7.x86_64
Jul 16 14:38:44 Updated: libuuid-2.23.2-59.el7_6.1.x86_64
Jul 16 14:38:44 Updated: libdb-5.3.21-24.el7.x86_64
Jul 16 14:38:44 Updated: chkconfig-1.7.4-1.el7.x86_64
Jul 16 14:38:44 Updated: grep-2.20-3.el7.x86_64
Jul 16 14:38:44 Updated: gawk-4.0.2-4.el7_3.1.x86_64
Jul 16 14:38:44 Updated: elfutils-libelf-0.172-2.el7.x86_64
Jul 16 14:38:44 Updated: readline-6.2-10.el7.x86_64
Jul 16 14:38:44 Updated: cpio-2.11-27.el7.x86_64
Jul 16 14:38:45 Updated: libgcrypt-1.5.3-14.el7.x86_64
Jul 16 14:38:45 Updated: libattr-2.4.46-13.el7.x86_64
Jul 16 14:38:45 Updated: libacl-2.2.51-14.el7.x86_64
Jul 16 14:38:45 Updated: libcap-2.22-9.el7.x86_64
Jul 16 14:38:45 Updated: 1:findutils-4.5.11-6.el7.x86_64
Jul 16 14:38:45 Updated: expat-2.1.0-10.el7_3.x86_64
Jul 16 14:38:45 Updated: libnl3-3.2.28-4.el7.x86_64
Jul 16 14:38:45 Updated: p11-kit-0.23.5-3.el7.x86_64
Jul 16 14:38:45 Updated: file-libs-5.11-35.el7.x86_64
Jul 16 14:38:45 Updated: file-5.11-35.el7.x86_64
Jul 16 14:38:45 Updated: pciutils-libs-3.5.1-3.el7.x86_64
Jul 16 14:38:46 Updated: libnl3-cli-3.2.28-4.el7.x86_64
Jul 16 14:38:46 Updated: e2fsprogs-libs-1.42.9-13.el7.x86_64
Jul 16 14:38:46 Updated: libgomp-4.8.5-36.el7_6.2.x86_64
Jul 16 14:38:46 Updated: kmod-libs-20-23.el7.x86_64
Jul 16 14:38:46 Updated: 1:gmp-6.0.0-15.el7.x86_64
Jul 16 14:38:46 Updated: nss-softokn-3.36.0-5.el7_5.x86_64
Jul 16 14:38:46 Updated: 2:ethtool-4.8-9.el7.x86_64
Jul 16 14:38:46 Updated: jansson-2.10-1.el7.x86_64
Jul 16 14:38:46 Updated: libtasn1-4.10-1.el7.x86_64
Jul 16 14:38:46 Updated: p11-kit-trust-0.23.5-3.el7.x86_64
Jul 16 14:38:48 Updated: ca-certificates-2018.2.22-70.0.el7_5.noarch
Jul 16 14:38:48 Installed: lz4-1.7.5-2.el7.x86_64
Jul 16 14:38:49 Updated: libteam-1.27-6.el7_6.1.x86_64
Jul 16 14:38:49 Updated: device-mapper-persistent-data-0.7.3-3.el7.x86_64
Jul 16 14:38:49 Updated: acl-2.2.51-14.el7.x86_64
Jul 16 14:38:49 Updated: 2:vim-minimal-7.4.160-6.el7_6.x86_64
Jul 16 14:38:49 Updated: 2:tar-1.26-35.el7.x86_64
Jul 16 14:38:49 Updated: libdb-utils-5.3.21-24.el7.x86_64
Jul 16 14:38:49 Updated: libss-1.42.9-13.el7.x86_64
Jul 16 14:38:49 Installed: 2:libpng-1.5.13-7.el7_2.x86_64
Jul 16 14:38:49 Updated: freetype-2.8-12.el7_6.1.x86_64
Jul 16 14:38:50 Updated: GeoIP-1.5.0-13.el7.x86_64
Jul 16 14:38:50 Updated: libselinux-utils-2.5-14.1.el7.x86_64
Jul 16 14:38:59 Updated: linux-firmware-20180911-69.git85c5d90.el7.noarch
Jul 16 14:38:59 Updated: ncurses-5.9-14.20130511.el7_4.x86_64
Jul 16 14:38:59 Updated: krb5-libs-1.15.1-37.el7_6.x86_64
Jul 16 14:38:59 Updated: 1:openssl-libs-1.0.2k-16.el7_6.1.x86_64
Jul 16 14:39:00 Updated: coreutils-8.22-23.el7.x86_64
Jul 16 14:39:01 Updated: libpwquality-1.2.3-5.el7.x86_64
Jul 16 14:39:01 Updated: pam-1.1.8-22.el7.x86_64
Jul 16 14:39:01 Updated: libblkid-2.23.2-59.el7_6.1.x86_64
Jul 16 14:39:01 Updated: gzip-1.5-10.el7.x86_64
Jul 16 14:39:01 Updated: centos-release-7-6.1810.2.el7.centos.x86_64
Jul 16 14:39:04 Updated: python-libs-2.7.5-80.el7_6.x86_64
Jul 16 14:39:04 Updated: python-2.7.5-80.el7_6.x86_64
Jul 16 14:39:04 Updated: libmount-2.23.2-59.el7_6.1.x86_64
Jul 16 14:39:05 Updated: glib2-2.56.1-4.el7_6.x86_64
Jul 16 14:39:05 Updated: shared-mime-info-1.8-4.el7.x86_64
Jul 16 14:39:05 Updated: libcroco-0.6.12-4.el7.x86_64
Jul 16 14:39:05 Updated: setup-2.8.71-10.el7.noarch
Jul 16 14:39:06 Updated: filesystem-3.2-25.el7.x86_64
Jul 16 14:39:06 Updated: cyrus-sasl-lib-2.1.26-23.el7.x86_64
Jul 16 14:39:06 Updated: gettext-libs-0.19.8.1-2.el7.x86_64
Jul 16 14:39:07 Updated: gettext-0.19.8.1-2.el7.x86_64
Jul 16 14:39:07 Updated: gobject-introspection-1.56.1-1.el7.x86_64
Jul 16 14:39:07 Installed: python-gobject-base-3.22.0-1.el7_4.1.x86_64
Jul 16 14:39:07 Updated: gsettings-desktop-schemas-3.28.0-2.el7.x86_64
Jul 16 14:39:07 Updated: libselinux-python-2.5-14.1.el7.x86_64
Jul 16 14:39:07 Updated: python-slip-0.4.0-4.el7.noarch
Jul 16 14:39:07 Updated: python-slip-dbus-0.4.0-4.el7.noarch
Jul 16 14:39:08 Updated: python-firewall-0.5.3-5.el7.noarch
Jul 16 14:39:08 Installed: python-linux-procfs-0.4.9-4.el7.noarch
Jul 16 14:39:08 Updated: python-urlgrabber-3.10-9.el7.noarch
Jul 16 14:39:08 Updated: python-perf-3.10.0-957.21.3.el7.x86_64
Jul 16 14:39:08 Installed: python-schedutils-0.4-6.el7.x86_64
Jul 16 14:39:08 Updated: grubby-8.28-25.el7.x86_64
Jul 16 14:39:08 Updated: logrotate-3.8.6-17.el7.x86_64
Jul 16 14:39:09 Updated: binutils-2.27-34.base.el7.x86_64
Jul 16 14:39:09 Installed: nss-pem-1.0.3-5.el7_6.1.x86_64
Jul 16 14:39:09 Updated: nss-3.36.0-7.1.el7_6.x86_64
Jul 16 14:39:09 Updated: nss-sysinit-3.36.0-7.1.el7_6.x86_64
Jul 16 14:39:10 Updated: nss-tools-3.36.0-7.1.el7_6.x86_64
Jul 16 14:39:10 Updated: 1:openssl-1.0.2k-16.el7_6.1.x86_64
Jul 16 14:39:10 Updated: fipscheck-lib-1.4.1-6.el7.x86_64
Jul 16 14:39:10 Updated: fipscheck-1.4.1-6.el7.x86_64
Jul 16 14:39:10 Updated: libssh2-1.4.3-12.el7_6.2.x86_64
Jul 16 14:39:10 Updated: libcurl-7.29.0-51.el7.x86_64
Jul 16 14:39:10 Updated: curl-7.29.0-51.el7.x86_64
Jul 16 14:39:11 Updated: rpm-libs-4.11.3-35.el7.x86_64
Jul 16 14:39:11 Updated: rpm-4.11.3-35.el7.x86_64
Jul 16 14:39:11 Updated: openldap-2.4.44-21.el7_6.x86_64
Jul 16 14:39:11 Updated: libuser-0.60-9.el7.x86_64
Jul 16 14:39:12 Updated: gnupg2-2.0.22-5.el7_5.x86_64
Jul 16 14:39:12 Updated: rpm-build-libs-4.11.3-35.el7.x86_64
Jul 16 14:39:12 Updated: rpm-python-4.11.3-35.el7.x86_64
Jul 16 14:39:12 Updated: yum-plugin-fastestmirror-1.1.31-50.el7.noarch
Jul 16 14:39:12 Updated: yum-3.4.3-161.el7.centos.noarch
Jul 16 14:39:12 Updated: 1:mariadb-libs-5.5.60-1.el7_5.x86_64
Jul 16 14:39:13 Updated: mozjs17-17.0.0-20.el7.x86_64
Jul 16 14:39:13 Updated: libproxy-0.4.11-11.el7.x86_64
Jul 16 14:39:13 Updated: kernel-tools-libs-3.10.0-957.21.3.el7.x86_64
Jul 16 14:39:13 Installed: libseccomp-2.3.1-3.el7.x86_64
Jul 16 14:39:13 Updated: 1:dmidecode-3.1-2.el7.x86_64
Jul 16 14:39:13 Installed: libfastjson-0.99.4-3.el7.x86_64
Jul 16 14:39:13 Updated: lsscsi-0.27-6.el7.x86_64
Jul 16 14:39:13 Updated: ipset-libs-6.38-3.el7_6.x86_64
Jul 16 14:39:13 Updated: ipset-6.38-3.el7_6.x86_64
Jul 16 14:39:13 Updated: numactl-libs-2.0.9-7.el7.x86_64
Jul 16 14:39:13 Installed: libsmartcols-2.23.2-59.el7_6.1.x86_64
Jul 16 14:39:13 Updated: libnetfilter_conntrack-1.0.6-1.el7_3.x86_64
Jul 16 14:39:13 Updated: iptables-1.4.21-28.el7.x86_64
Jul 16 14:39:14 Updated: iproute-4.11.0-14.el7_6.2.x86_64
Jul 16 14:39:14 Updated: 32:bind-license-9.9.4-74.el7_6.1.noarch
Jul 16 14:39:14 Updated: 32:bind-libs-lite-9.9.4-74.el7_6.1.x86_64
Jul 16 14:39:14 Updated: firewalld-filesystem-0.5.3-5.el7.noarch
Jul 16 14:39:14 Updated: iprutils-2.4.16.1-1.el7.x86_64
Jul 16 14:39:14 Updated: kernel-tools-3.10.0-957.21.3.el7.x86_64
Jul 16 14:39:14 Updated: sudo-1.8.23-3.el7.x86_64
Jul 16 14:39:15 Updated: man-db-2.6.3-11.el7.x86_64
Jul 16 14:39:15 Updated: btrfs-progs-4.9.1-1.el7.x86_64
Jul 16 14:39:15 Updated: e2fsprogs-1.42.9-13.el7.x86_64
Jul 16 14:39:15 Updated: xfsprogs-4.5.0-19.el7_6.x86_64
Jul 16 14:39:16 Updated: alsa-lib-1.1.6-2.el7.x86_64
Jul 16 14:39:16 Updated: 14:libpcap-1.5.3-11.el7.x86_64
Jul 16 14:39:16 Updated: iwl5000-firmware-8.83.5.1_1-69.el7.noarch
Jul 16 14:39:16 Updated: iwl4965-firmware-228.61.2.24-69.el7.noarch
Jul 16 14:39:16 Updated: iwl105-firmware-18.168.6.1-69.el7.noarch
Jul 16 14:39:16 Updated: iwl6000g2a-firmware-17.168.5.3-69.el7.noarch
Jul 16 14:39:16 Updated: iwl2030-firmware-18.168.6.1-69.el7.noarch
Jul 16 14:39:18 Updated: iwl7265-firmware-22.0.7.0-69.el7.noarch
Jul 16 14:39:18 Updated: iwl135-firmware-18.168.6.1-69.el7.noarch
Jul 16 14:39:18 Updated: iwl6000g2b-firmware-17.168.5.2-69.el7.noarch
Jul 16 14:39:18 Updated: iwl5150-firmware-8.24.2.2-69.el7.noarch
Jul 16 14:39:18 Updated: 1:iwl1000-firmware-39.31.5.1-69.el7.noarch
Jul 16 14:39:18 Updated: iwl2000-firmware-18.168.6.1-69.el7.noarch
Jul 16 14:39:19 Updated: iwl6000-firmware-9.221.4.1-69.el7.noarch
Jul 16 14:39:19 Updated: iwl100-firmware-39.31.5.1-69.el7.noarch
Jul 16 14:39:19 Updated: iwl7260-firmware-22.0.7.0-69.el7.noarch
Jul 16 14:39:19 Updated: iwl3160-firmware-22.0.7.0-69.el7.noarch
Jul 16 14:39:19 Updated: iwl3945-firmware-15.32.2.9-69.el7.noarch
Jul 16 14:39:19 Updated: iwl6050-firmware-41.28.5.1-69.el7.noarch
Jul 16 14:39:19 Installed: libgcc-4.8.5-36.el7_6.2.i686
Jul 16 14:39:20 Installed: glibc-2.17-260.el7_6.6.i686
Jul 16 14:39:20 Installed: nss-softokn-freebl-3.36.0-5.el7_5.i686
Jul 16 14:39:21 Installed: zlib-1.2.7-18.el7.i686
Jul 16 14:39:21 Installed: libgpg-error-1.12-3.el7.i686
Jul 16 14:39:21 Installed: bzip2-libs-1.0.6-13.el7.i686
Jul 16 14:39:21 Updated: libsemanage-2.5-14.el7.x86_64
Jul 16 14:39:21 Updated: 2:shadow-utils-4.1.5.1-25.el7_6.1.x86_64
Jul 16 14:39:21 Updated: kpartx-0.4.9-123.el7.x86_64
Jul 16 14:39:21 Updated: procps-ng-3.3.10-23.el7.x86_64
Jul 16 14:39:22 Updated: 7:device-mapper-1.02.149-10.el7_6.8.x86_64
Jul 16 14:39:22 Updated: util-linux-2.23.2-59.el7_6.1.x86_64
Jul 16 14:39:23 Updated: dracut-033-554.el7.x86_64
Jul 16 14:39:23 Updated: kmod-20-23.el7.x86_64
Jul 16 14:39:23 Updated: 7:device-mapper-libs-1.02.149-10.el7_6.8.x86_64
Jul 16 14:39:23 Updated: cryptsetup-libs-2.0.3-3.el7.x86_64
Jul 16 14:39:23 Updated: elfutils-libs-0.172-2.el7.x86_64
Jul 16 14:39:23 Updated: systemd-libs-219-62.el7_6.7.x86_64
Jul 16 14:39:23 Updated: 1:dbus-libs-1.10.24-13.el7_6.x86_64
Jul 16 14:39:25 Updated: systemd-219-62.el7_6.7.x86_64
Jul 16 14:39:26 Updated: 1:dbus-1.10.24-13.el7_6.x86_64
Jul 16 14:39:26 Installed: elfutils-default-yama-scope-0.172-2.el7.noarch
Jul 16 14:39:26 Updated: systemd-sysv-219-62.el7_6.7.x86_64
Jul 16 14:39:26 Updated: iputils-20160308-10.el7.x86_64
Jul 16 14:39:26 Updated: initscripts-9.49.46-1.el7.x86_64
Jul 16 14:39:26 Updated: 7:device-mapper-event-libs-1.02.149-10.el7_6.8.x86_64
Jul 16 14:39:26 Installed: 1:grub2-tools-minimal-2.02-0.76.el7.centos.1.x86_64
Jul 16 14:39:27 Updated: policycoreutils-2.5-29.el7_6.1.x86_64
Jul 16 14:39:27 Installed: 1:grub2-tools-2.02-0.76.el7.centos.1.x86_64
Jul 16 14:39:28 Updated: 1:wpa_supplicant-2.6-12.el7.x86_64
Jul 16 14:39:28 Updated: polkit-0.112-18.el7_6.1.x86_64
Jul 16 14:39:29 Updated: hwdata-0.252-9.1.el7.x86_64
Jul 16 14:39:29 Updated: pciutils-3.5.1-3.el7.x86_64
Jul 16 14:39:29 Updated: 12:dhcp-libs-4.2.5-68.el7.centos.1.x86_64
Jul 16 14:39:29 Updated: 1:NetworkManager-libnm-1.12.0-10.el7_6.x86_64
Jul 16 14:39:30 Installed: 1:NetworkManager-1.12.0-10.el7_6.x86_64
Jul 16 14:39:30 Updated: openssh-7.4p1-16.el7.x86_64
Jul 16 14:39:30 Installed: xz-libs-5.2.2-1.el7.i686
Jul 16 14:39:30 Updated: 12:dhcp-common-4.2.5-68.el7.centos.1.x86_64
Jul 16 14:39:30 Updated: 12:dhclient-4.2.5-68.el7.centos.1.x86_64
Jul 16 14:39:30 Updated: dracut-network-033-554.el7.x86_64
Jul 16 14:39:30 Updated: libpciaccess-0.14-1.el7.x86_64
Jul 16 14:39:30 Updated: libdrm-2.4.91-3.el7.x86_64
Jul 16 14:39:30 Installed: 1:grub2-tools-extra-2.02-0.76.el7.centos.1.x86_64
Jul 16 14:39:30 Installed: 1:grub2-pc-2.02-0.76.el7.centos.1.x86_64
Jul 16 14:39:58 Updated: selinux-policy-3.13.1-229.el7_6.12.noarch
Jul 16 14:39:58 Updated: 7:device-mapper-event-1.02.149-10.el7_6.8.x86_64
Jul 16 14:39:58 Updated: 7:lvm2-libs-2.02.180-10.el7_6.8.x86_64
Jul 16 14:39:58 Updated: ebtables-2.0.10-16.el7.x86_64
Jul 16 14:39:58 Updated: trousers-0.3.14-2.el7.x86_64
Jul 16 14:39:58 Updated: gnutls-3.3.29-9.el7_6.x86_64
Jul 16 14:39:59 Updated: glib-networking-2.56.1-1.el7.x86_64
Jul 16 14:39:59 Updated: cronie-anacron-1.4.11-20.el7_6.x86_64
Jul 16 14:39:59 Updated: cronie-1.4.11-20.el7_6.x86_64
Jul 16 14:39:59 Updated: teamd-1.27-6.el7_6.1.x86_64
Jul 16 14:39:59 Updated: python-pyudev-0.15-9.el7.noarch
Jul 16 14:39:59 Updated: plymouth-core-libs-0.8.9-0.31.20140113.el7.centos.x86_64
Jul 16 14:39:59 Updated: plymouth-scripts-0.8.9-0.31.20140113.el7.centos.x86_64
Jul 16 14:39:59 Updated: plymouth-0.8.9-0.31.20140113.el7.centos.x86_64
Jul 16 14:39:59 Updated: virt-what-1.18-4.el7.x86_64
Jul 16 14:39:59 Installed: libgcrypt-1.5.3-14.el7.i686
Jul 16 14:39:59 Installed: elfutils-libelf-0.172-2.el7.i686
Jul 16 14:39:59 Installed: elfutils-libs-0.172-2.el7.i686
Jul 16 14:40:00 Installed: cracklib-2.9.0-11.el7.i686
Jul 16 14:40:00 Installed: libsepol-2.5-10.el7.i686
Jul 16 14:40:00 Installed: libstdc++-4.8.5-36.el7_6.2.i686
Jul 16 14:40:17 Installed: pcre-8.32-17.el7.i686
Jul 16 14:40:17 Installed: libselinux-2.5-14.1.el7.i686
Jul 16 14:40:17 Installed: libdb-5.3.21-24.el7.i686
Jul 16 14:40:17 Installed: libcap-ng-0.7.5-4.el7.i686
Jul 16 14:40:17 Installed: audit-libs-2.8.4-4.el7.i686
Jul 16 14:40:18 Installed: pam-1.1.8-22.el7.i686
Jul 16 14:40:18 Installed: lz4-1.7.5-2.el7.i686
Jul 16 14:40:18 Installed: libattr-2.4.46-13.el7.i686
Jul 16 14:40:18 Updated: tuned-2.10.0-6.el7_6.3.noarch
Jul 16 14:40:18 Updated: 1:NetworkManager-team-1.12.0-10.el7_6.x86_64
Jul 16 14:40:19 Updated: libsoup-2.62.2-2.el7.x86_64
Jul 16 14:40:19 Updated: firewalld-0.5.3-5.el7.noarch
Jul 16 14:40:19 Updated: 7:lvm2-2.02.180-10.el7_6.8.x86_64
Jul 16 14:40:36 Updated: selinux-policy-targeted-3.13.1-229.el7_6.12.noarch
Jul 16 14:40:36 Installed: 1:grub2-2.02-0.76.el7.centos.1.x86_64
Jul 16 14:40:36 Updated: kexec-tools-2.0.15-21.el7_6.3.x86_64
Jul 16 14:40:36 Updated: openssh-clients-7.4p1-16.el7.x86_64
Jul 16 14:40:36 Updated: openssh-server-7.4p1-16.el7.x86_64
Jul 16 14:40:36 Installed: 1:NetworkManager-ppp-1.12.0-10.el7_6.x86_64
Jul 16 14:40:36 Updated: 1:NetworkManager-tui-1.12.0-10.el7_6.x86_64
Jul 16 14:40:36 Updated: 1:NetworkManager-wifi-1.12.0-10.el7_6.x86_64
Jul 16 14:40:36 Installed: rdma-core-17.2-3.el7.x86_64
Jul 16 14:40:37 Updated: authconfig-6.2.8-30.el7.x86_64
Jul 16 14:40:37 Updated: kbd-1.15.5-15.el7.x86_64
Jul 16 14:40:42 Installed: kernel-3.10.0-957.21.3.el7.x86_64
Jul 16 14:40:42 Updated: dnsmasq-2.76-7.el7.x86_64
Jul 16 14:40:42 Updated: audit-2.8.4-4.el7.x86_64
Jul 16 14:40:43 Updated: 2:postfix-2.10.1-7.el7.x86_64
Jul 16 14:40:46 Updated: 2:microcode_ctl-2.1-47.5.el7_6.x86_64
Jul 16 14:40:46 Updated: rsyslog-8.24.0-34.el7.x86_64
Jul 16 14:40:46 Updated: 3:irqbalance-1.0.7-11.el7.x86_64
Jul 16 14:40:46 Updated: biosdevname-0.7.3-1.el7.x86_64
Jul 16 14:40:46 Updated: chrony-3.2-2.el7.x86_64
Jul 16 14:40:46 Updated: libgudev1-219-62.el7_6.7.x86_64
Jul 16 14:40:46 Updated: parted-3.1-29.el7.x86_64
Jul 16 14:40:46 Updated: dracut-config-rescue-033-554.el7.x86_64
Jul 16 14:40:47 Installed: libcap-2.22-9.el7.i686
Jul 16 14:40:47 Installed: systemd-libs-219-62.el7_6.7.i686
Jul 16 14:40:47 Installed: rdma-core-17.2-3.el7.i686
Jul 16 14:41:11 Erased: rdma-7.3_4.7_rc2-5.el7.noarch
Jul 16 14:41:14 Erased: pygobject3-base-3.14.0-3.el7.x86_64
Jul 16 15:03:00 Installed: 1:perl-parent-0.225-244.el7.noarch
Jul 16 15:03:00 Installed: perl-HTTP-Tiny-0.033-3.el7.noarch
Jul 16 15:03:00 Installed: perl-podlators-2.5.1-3.el7.noarch
Jul 16 15:03:01 Installed: perl-Pod-Perldoc-3.20-4.el7.noarch
Jul 16 15:03:01 Installed: 1:perl-Pod-Escapes-1.04-294.el7_6.noarch
Jul 16 15:03:01 Installed: perl-Text-ParseWords-3.29-4.el7.noarch
Jul 16 15:03:01 Installed: perl-Encode-2.51-7.el7.x86_64
Jul 16 15:03:01 Installed: perl-Pod-Usage-1.63-3.el7.noarch
Jul 16 15:03:02 Installed: 4:perl-libs-5.16.3-294.el7_6.x86_64
Jul 16 15:03:02 Installed: 4:perl-macros-5.16.3-294.el7_6.x86_64
Jul 16 15:03:02 Installed: 4:perl-Time-HiRes-1.9725-3.el7.x86_64
Jul 16 15:03:02 Installed: perl-Exporter-5.68-3.el7.noarch
Jul 16 15:03:02 Installed: perl-constant-1.27-2.el7.noarch
Jul 16 15:03:02 Installed: perl-Time-Local-1.2300-2.el7.noarch
Jul 16 15:03:02 Installed: perl-Socket-2.010-4.el7.x86_64
Jul 16 15:03:02 Installed: perl-Carp-1.26-244.el7.noarch
Jul 16 15:03:02 Installed: perl-Storable-2.45-3.el7.x86_64
Jul 16 15:03:02 Installed: perl-PathTools-3.40-5.el7.x86_64
Jul 16 15:03:03 Installed: perl-Scalar-List-Utils-1.27-248.el7.x86_64
Jul 16 15:03:03 Installed: perl-File-Temp-0.23.01-3.el7.noarch
Jul 16 15:03:03 Installed: perl-File-Path-2.09-2.el7.noarch
Jul 16 15:03:03 Installed: perl-threads-shared-1.43-6.el7.x86_64
Jul 16 15:03:03 Installed: perl-threads-1.87-4.el7.x86_64
Jul 16 15:03:03 Installed: perl-Filter-1.49-3.el7.x86_64
Jul 16 15:03:03 Installed: 1:perl-Pod-Simple-3.28-4.el7.noarch
Jul 16 15:03:03 Installed: perl-Getopt-Long-2.40-3.el7.noarch
Jul 16 15:03:06 Installed: 4:perl-5.16.3-294.el7_6.x86_64
Jul 16 15:03:06 Installed: perl-Thread-Queue-3.02-2.el7.noarch
Jul 16 15:03:07 Installed: elfutils-0.172-2.el7.x86_64
Jul 16 15:03:07 Installed: unzip-6.0-19.el7.x86_64
Jul 16 15:03:07 Installed: python-chardet-2.2.1-1.el7_1.noarch
Jul 16 15:03:07 Installed: python-kitchen-1.1.1-5.el7.noarch
Jul 16 15:03:07 Installed: patch-2.7.1-10.el7_5.x86_64
Jul 16 15:03:08 Installed: libxml2-python-2.9.1-6.el7_2.3.x86_64
Jul 16 15:03:08 Installed: gdb-7.6.1-114.el7.x86_64
Jul 16 15:03:08 Installed: dwz-0.11-3.el7.x86_64
Jul 16 15:03:08 Installed: perl-srpm-macros-1-8.el7.noarch
Jul 16 15:03:08 Installed: bzip2-1.0.6-13.el7.x86_64
Jul 16 15:03:08 Installed: 1:emacs-filesystem-24.3-22.el7.noarch
Jul 16 15:03:09 Installed: zip-3.0-11.el7.x86_64
Jul 16 15:03:09 Installed: redhat-rpm-config-9.1.0-87.el7.centos.noarch
Jul 16 15:03:09 Installed: rpm-build-4.11.3-35.el7.x86_64
Jul 16 15:03:09 Installed: rpmdevtools-8.3-5.el7.noarch
Jul 16 15:03:09 Installed: yum-utils-1.1.31-50.el7.noarch
Jul 16 15:03:10 Installed: ncurses-devel-5.9-14.20130511.el7_4.x86_64
Jul 16 15:04:57 Installed: mpfr-3.1.1-4.el7.x86_64
Jul 16 15:04:57 Installed: libmpc-1.0.1-3.el7.x86_64
Jul 16 15:04:57 Installed: libquadmath-4.8.5-36.el7_6.2.x86_64
Jul 16 15:04:57 Installed: apr-1.4.8-3.el7_4.1.x86_64
Jul 16 15:04:57 Installed: m4-1.4.16-10.el7.x86_64
Jul 16 15:04:57 Installed: apr-util-1.5.2-6.el7.x86_64
Jul 16 15:04:58 Installed: 1:perl-Error-0.17020-2.el7.noarch
Jul 16 15:04:58 Installed: avahi-libs-0.6.31-19.el7.x86_64
Jul 16 15:04:58 Installed: boost-system-1.53.0-27.el7.x86_64
Jul 16 15:04:58 Installed: boost-thread-1.53.0-27.el7.x86_64
Jul 16 15:04:58 Installed: libgfortran-4.8.5-36.el7_6.2.x86_64
Jul 16 15:04:59 Installed: cpp-4.8.5-36.el7_6.2.x86_64
Jul 16 15:04:59 Installed: pakchois-0.4-10.el7.x86_64
Jul 16 15:04:59 Installed: neon-0.30.0-3.el7.x86_64
Jul 16 15:05:00 Installed: subversion-libs-1.7.14-14.el7.x86_64
Jul 16 15:05:00 Installed: perl-TermReadKey-2.30-20.el7.x86_64
Jul 16 15:05:01 Installed: libstdc++-devel-4.8.5-36.el7_6.2.x86_64
Jul 16 15:05:01 Installed: efivar-libs-36-11.el7_6.1.x86_64
Jul 16 15:05:01 Installed: mokutil-15-2.el7.centos.x86_64
Jul 16 15:05:01 Installed: perl-Data-Dumper-2.145-3.el7.x86_64
Jul 16 15:05:01 Installed: autoconf-2.69-11.el7.noarch
Jul 16 15:05:01 Installed: boost-date-time-1.53.0-27.el7.x86_64
Jul 16 15:05:02 Installed: gettext-common-devel-0.19.8.1-2.el7.noarch
Jul 16 15:05:02 Installed: perl-Test-Harness-3.28-3.el7.noarch
Jul 16 15:05:02 Installed: automake-1.13.4-3.el7.noarch
Jul 16 15:05:04 Installed: kernel-headers-3.10.0-957.21.3.el7.x86_64
Jul 16 15:05:05 Installed: glibc-headers-2.17-260.el7_6.6.x86_64
Jul 16 15:05:05 Installed: glibc-devel-2.17-260.el7_6.6.x86_64
Jul 16 15:05:07 Installed: gcc-4.8.5-36.el7_6.2.x86_64
Jul 16 15:05:07 Installed: libquadmath-devel-4.8.5-36.el7_6.2.x86_64
Jul 16 15:05:07 Installed: libdwarf-20130207-4.el7.x86_64
Jul 16 15:05:08 Installed: dyninst-9.3.1-2.el7.x86_64
Jul 16 15:05:08 Installed: systemtap-runtime-3.3-3.el7.x86_64
Jul 16 15:05:11 Installed: systemtap-client-3.3-3.el7.x86_64
Jul 16 15:05:42 Installed: kernel-debug-devel-3.10.0-957.21.3.el7.x86_64
Jul 16 15:05:43 Installed: systemtap-devel-3.3-3.el7.x86_64
Jul 16 15:05:43 Installed: perl-XML-Parser-2.41-10.el7.x86_64
Jul 16 15:05:44 Installed: rsync-3.1.2-6.el7_6.1.x86_64
Jul 16 15:05:44 Installed: perl-Git-1.8.3.1-20.el7.noarch
Jul 16 15:05:46 Installed: git-1.8.3.1-20.el7.x86_64
Jul 16 15:05:46 Installed: gettext-devel-0.19.8.1-2.el7.x86_64
Jul 16 15:05:46 Installed: intltool-0.50.2-7.el7.noarch
Jul 16 15:05:46 Installed: systemtap-3.3-3.el7.x86_64
Jul 16 15:05:47 Installed: gcc-gfortran-4.8.5-36.el7_6.2.x86_64
Jul 16 15:05:48 Installed: libtool-2.4.2-22.el7_3.x86_64
Jul 16 15:05:49 Installed: gcc-c++-4.8.5-36.el7_6.2.x86_64
Jul 16 15:05:49 Installed: subversion-1.7.14-14.el7.x86_64
Jul 16 15:05:49 Installed: flex-2.5.37-6.el7.x86_64
Jul 16 15:05:50 Installed: bison-3.0.4-2.el7.x86_64
Jul 16 15:05:50 Installed: diffstat-1.57-4.el7.x86_64
Jul 16 15:05:50 Installed: cscope-15.8-10.el7.x86_64
Jul 16 15:05:50 Installed: patchutils-0.3.3-4.el7.x86_64
Jul 16 15:05:50 Installed: indent-2.2.11-13.el7.x86_64
Jul 16 15:05:50 Installed: rpm-sign-4.11.3-35.el7.x86_64
Jul 16 15:05:51 Installed: swig-2.0.10-5.el7.x86_64
Jul 16 15:05:51 Installed: rcs-5.9.0-5.el7.x86_64
Jul 16 15:05:54 Installed: 1:doxygen-1.8.5-3.el7.x86_64
Jul 16 15:05:54 Installed: byacc-1.9.20130304-3.el7.x86_64
Jul 16 15:05:54 Installed: ctags-5.8-13.el7.x86_64
Jul 16 15:06:50 Installed: libjpeg-turbo-1.2.90-6.el7.x86_64
Jul 16 15:06:50 Installed: zlib-devel-1.2.7-18.el7.x86_64
Jul 16 15:06:50 Installed: pcsc-lite-libs-1.8.8-8.el7.x86_64
Jul 16 15:06:50 Installed: mesa-libglapi-18.0.5-4.el7_6.x86_64
Jul 16 15:06:50 Installed: 1:cups-libs-1.6.3-35.el7.x86_64
Jul 16 15:06:50 Installed: 1:libglvnd-1.0.1-0.8.git5baa1e5.el7.x86_64
Jul 16 15:06:50 Installed: libxshmfence-1.2-1.el7.x86_64
Jul 16 15:06:51 Installed: libxslt-1.1.28-5.el7.x86_64
Jul 16 15:06:51 Installed: fontpackages-filesystem-1.44-8.el7.noarch
Jul 16 15:06:51 Installed: libICE-1.0.9-9.el7.x86_64
Jul 16 15:06:51 Installed: libwayland-server-1.15.0-1.el7.x86_64
Jul 16 15:06:51 Installed: mesa-libgbm-18.0.5-4.el7_6.x86_64
Jul 16 15:06:51 Installed: libSM-1.2.2-2.el7.x86_64
Jul 16 15:06:51 Installed: dejavu-fonts-common-2.33-6.el7.noarch
Jul 16 15:06:52 Installed: dejavu-sans-fonts-2.33-6.el7.noarch
Jul 16 15:06:53 Installed: fontconfig-2.13.0-4.3.el7.x86_64
Jul 16 15:06:53 Installed: python-lxml-3.2.1-4.el7.x86_64
Jul 16 15:06:53 Installed: python-javapackages-3.4.1-11.el7.noarch
Jul 16 15:06:53 Installed: javapackages-tools-3.4.1-11.el7.noarch
Jul 16 15:06:53 Installed: elfutils-libelf-devel-0.172-2.el7.x86_64
Jul 16 15:06:54 Installed: jasper-libs-1.900.1-33.el7.x86_64
Jul 16 15:06:54 Installed: libfontenc-1.1.3-3.el7.x86_64
Jul 16 15:06:54 Installed: 1:xorg-x11-font-utils-7.5-21.el7.x86_64
Jul 16 15:06:54 Installed: jbigkit-libs-2.0-11.el7.x86_64
Jul 16 15:06:54 Installed: libtiff-4.0.3-27.el7_3.x86_64
Jul 16 15:06:54 Installed: libusbx-1.0.21-1.el7.x86_64
Jul 16 15:06:54 Installed: pcsc-lite-ccid-1.4.10-14.el7.x86_64
Jul 16 15:06:55 Installed: pcsc-lite-1.8.8-8.el7.x86_64
Jul 16 15:06:55 Installed: coolkey-1.1.0-40.el7.x86_64
Jul 16 15:06:55 Installed: opensc-0.16.0-10.20170227git777e2a3.el7.x86_64
Jul 16 15:06:55 Installed: libwebp-0.3.0-7.el7.x86_64
Jul 16 15:06:56 Installed: python-pillow-2.0.0-19.gitd1c6db8.el7.x86_64
Jul 16 15:06:56 Installed: fribidi-1.0.2-1.el7.x86_64
Jul 16 15:06:56 Installed: libcom_err-devel-1.42.9-13.el7.x86_64
Jul 16 15:06:56 Installed: xz-devel-5.2.2-1.el7.x86_64
Jul 16 15:06:56 Installed: atk-2.28.1-1.el7.x86_64
Jul 16 15:06:57 Installed: tzdata-java-2019b-1.el7.noarch
Jul 16 15:06:57 Installed: copy-jdk-configs-3.3-10.el7_5.noarch
Jul 16 15:06:57 Installed: hicolor-icon-theme-0.12-7.el7.noarch
Jul 16 15:06:57 Installed: ttmkfdir-3.0.9-42.el7.x86_64
Jul 16 15:06:58 Installed: xorg-x11-fonts-Type1-7.5-9.el7.noarch
Jul 16 15:06:58 Installed: libwayland-client-1.15.0-1.el7.x86_64
Jul 16 15:06:58 Installed: pcre-devel-8.32-17.el7.x86_64
Jul 16 15:06:58 Installed: libX11-common-1.6.5-2.el7.noarch
Jul 16 15:06:58 Installed: graphite2-1.3.10-1.el7_3.x86_64
Jul 16 15:06:59 Installed: harfbuzz-1.7.5-2.el7.x86_64
Jul 16 15:06:59 Installed: libkadm5-1.15.1-37.el7_6.x86_64
Jul 16 15:06:59 Installed: libverto-devel-0.2.5-4.el7.x86_64
Jul 16 15:06:59 Installed: pixman-0.34.0-1.el7.x86_64
Jul 16 15:06:59 Installed: keyutils-libs-devel-1.5.8-3.el7.x86_64
Jul 16 15:06:59 Installed: libXau-1.0.8-2.1.el7.x86_64
Jul 16 15:06:59 Installed: libxcb-1.13-1.el7.x86_64
Jul 16 15:07:00 Installed: libX11-1.6.5-2.el7.x86_64
Jul 16 15:07:00 Installed: libXext-1.3.3-3.el7.x86_64
Jul 16 15:07:00 Installed: libXrender-0.9.10-1.el7.x86_64
Jul 16 15:07:00 Installed: libXfixes-5.0.3-1.el7.x86_64
Jul 16 15:07:00 Installed: libXi-1.7.9-1.el7.x86_64
Jul 16 15:07:00 Installed: libXdamage-1.1.4-4.1.el7.x86_64
Jul 16 15:07:00 Installed: libXcomposite-0.4.4-4.1.el7.x86_64
Jul 16 15:07:01 Installed: gdk-pixbuf2-2.36.12-3.el7.x86_64
Jul 16 15:07:01 Installed: gtk-update-icon-cache-3.22.30-3.el7.x86_64
Jul 16 15:07:01 Installed: libXtst-1.2.3-1.el7.x86_64
Jul 16 15:07:01 Installed: libXcursor-1.1.15-1.el7.x86_64
Jul 16 15:07:01 Installed: libXrandr-1.5.1-2.el7.x86_64
Jul 16 15:07:01 Installed: libXft-2.3.2-2.el7.x86_64
Jul 16 15:07:01 Installed: libXinerama-1.1.3-2.1.el7.x86_64
Jul 16 15:07:01 Installed: libXxf86vm-1.1.4-1.el7.x86_64
Jul 16 15:07:01 Installed: 1:libglvnd-glx-1.0.1-0.8.git5baa1e5.el7.x86_64
Jul 16 15:07:02 Installed: mesa-libGL-18.0.5-4.el7_6.x86_64
Jul 16 15:07:02 Installed: giflib-4.1.6-9.el7.x86_64
Jul 16 15:07:02 Installed: 1:libglvnd-egl-1.0.1-0.8.git5baa1e5.el7.x86_64
Jul 16 15:07:02 Installed: mesa-libEGL-18.0.5-4.el7_6.x86_64
Jul 16 15:07:02 Installed: cairo-1.15.12-3.el7.x86_64
Jul 16 15:07:02 Installed: libsepol-devel-2.5-10.el7.x86_64
Jul 16 15:07:03 Installed: libselinux-devel-2.5-14.1.el7.x86_64
Jul 16 15:07:03 Installed: krb5-devel-1.15.1-37.el7_6.x86_64
Jul 16 15:07:03 Installed: lksctp-tools-1.0.17-2.el7.x86_64
Jul 16 15:07:10 Installed: 1:java-1.8.0-openjdk-headless-1.8.0.212.b04-0.el7_6.x86_64
Jul 16 15:07:10 Installed: libthai-0.1.14-9.el7.x86_64
Jul 16 15:07:10 Installed: pango-1.42.4-2.el7_6.x86_64
Jul 16 15:07:11 Installed: gtk2-2.24.31-1.el7.x86_64
Jul 16 15:07:11 Installed: 1:java-1.8.0-openjdk-1.8.0.212.b04-0.el7_6.x86_64
Jul 16 15:07:14 Installed: 1:java-1.8.0-openjdk-devel-1.8.0.212.b04-0.el7_6.x86_64
Jul 16 15:07:15 Installed: 1:openssl-devel-1.0.2k-16.el7_6.1.x86_64
Jul 16 15:07:15 Installed: elfutils-devel-0.172-2.el7.x86_64
Jul 16 15:07:16 Installed: python-docutils-0.11-0.3.20130715svn7687.el7.noarch
Jul 16 15:07:16 Installed: pesign-0.109-10.el7.x86_64
Jul 16 15:07:17 Installed: binutils-devel-2.27-34.base.el7.x86_64
Jul 16 15:07:17 Installed: pciutils-devel-3.5.1-3.el7.x86_64
Jul 16 15:07:17 Installed: numactl-devel-2.0.9-7.el7.x86_64
Jul 16 15:07:17 Installed: audit-libs-devel-2.8.4-4.el7.x86_64
Jul 16 16:34:33 Installed: tree-1.6.0-10.el7.x86_64
Jul 16 16:40:24 Installed: libXt-1.1.5-3.el7.x86_64
Jul 16 16:40:25 Installed: libXpm-3.5.12-1.el7.x86_64
Jul 16 16:40:25 Installed: libXmu-1.1.2-2.el7.x86_64
Jul 16 16:40:25 Installed: xml-common-0.6.3-39.el7.noarch
Jul 16 16:40:26 Installed: urw-fonts-2.4-16.el7.noarch
Jul 16 16:40:26 Installed: libXaw-1.0.13-4.el7.x86_64
Jul 16 16:40:26 Installed: gd-2.0.35-26.el7.x86_64
Jul 16 16:40:27 Installed: libicu-50.1.2-17.el7.x86_64
Jul 16 16:40:27 Installed: boost-regex-1.53.0-27.el7.x86_64
Jul 16 16:40:28 Installed: source-highlight-3.1.6-6.el7.x86_64
Jul 16 16:40:28 Installed: centos-indexhtml-7-9.el7.centos.noarch
Jul 16 16:40:28 Installed: lynx-2.8.8-0.3.dev15.el7.x86_64
Jul 16 16:40:29 Installed: lcms2-2.6-3.el7.x86_64
Jul 16 16:40:29 Installed: librsvg2-2.40.20-1.el7.x86_64
Jul 16 16:40:29 Installed: ghostscript-fonts-5.50-32.el7.noarch
Jul 16 16:40:30 Installed: poppler-data-0.4.6-3.el7.noarch
Jul 16 16:40:31 Installed: ghostscript-9.07-31.el7_6.11.x86_64
Jul 16 16:40:31 Installed: slang-devel-2.2.4-11.el7.x86_64
Jul 16 16:40:31 Installed: libtool-ltdl-2.4.2-22.el7_3.x86_64
Jul 16 16:40:32 Installed: graphviz-2.30.1-21.el7.x86_64
Jul 16 16:40:32 Installed: sgml-common-0.6.3-39.el7.noarch
Jul 16 16:40:33 Installed: docbook-dtds-1.0-60.el7.noarch
Jul 16 16:40:35 Installed: docbook-style-xsl-1.78.1-3.el7.noarch
Jul 16 16:40:36 Installed: 2:vim-filesystem-7.4.160-6.el7_6.x86_64
Jul 16 16:40:36 Installed: asciidoc-8.6.8-5.el7.noarch
Jul 16 16:40:36 Installed: xmlto-0.0.25-7.el7.x86_64
Jul 16 16:40:36 Installed: newt-devel-0.52.15-4.el7.x86_64
Jul 16 16:40:36 Installed: hmaccalc-0.9.13-4.el7.x86_64
Jul 16 16:40:36 Installed: net-tools-2.0-0.24.20131004git.el7.x86_64
Jul 16 16:40:36 Installed: bc-1.06.95-13.el7.x86_64
Jul 16 16:40:37 Installed: python-devel-2.7.5-80.el7_6.x86_64
Jul 16 16:41:39 Installed: gdbm-devel-1.10-8.el7.x86_64
Jul 16 16:41:39 Installed: pyparsing-1.5.6-9.el7.noarch
Jul 16 16:41:40 Installed: systemtap-sdt-devel-3.3-3.el7.x86_64
Jul 16 16:41:40 Installed: perl-ExtUtils-Manifest-1.61-244.el7.noarch
Jul 16 16:41:40 Installed: libdb-devel-5.3.21-24.el7.x86_64
Jul 16 16:41:40 Installed: perl-ExtUtils-MakeMaker-6.68-3.el7.noarch
Jul 16 16:41:40 Installed: perl-ExtUtils-Install-1.58-294.el7_6.noarch
Jul 16 16:41:40 Installed: 4:perl-devel-5.16.3-294.el7_6.x86_64
Jul 16 16:41:40 Installed: 1:perl-ExtUtils-ParseXS-3.18-3.el7.noarch
Jul 16 16:41:40 Installed: perl-ExtUtils-Embed-1.30-294.el7_6.noarch
